<?xml version="1.0" encoding="UTF-8"?>
<!-- Generated by org.testng.reporters.JUnitReportReporter -->
<testsuite hostname="DESKTOP-532R6A1" failures="0" tests="1" name="com.qa.test.GETUserByIDTest" time="0.615" errors="0" timestamp="2021-04-18T21:30:17 COT" skipped="0">
  <testcase classname="com.qa.test.GETUserByIDTest" name="getTest" time="0.615"/>
  <system-out/>
</testsuite> <!-- com.qa.test.GETUserByIDTest -->
